<?xml version="1.0" encoding="UTF-8"?>
<testsuite xmlns:xsi="http://www.w3.org/2001/XMLSchema-instance" xsi:schemaLocation="https://maven.apache.org/surefire/maven-surefire-plugin/xsd/surefire-test-report.xsd" name="hr.fer.oprpp1.custom.collections.LinkedListIndexedCollectionTest" time="0.026" tests="29" errors="0" skipped="0" failures="0">
  <properties>
[...]
</properties>
  <testcase name="testSizeShouldChangeWhenAddingElements" classname="hr.fer.oprpp1.custom.collections.LinkedListIndexedCollectionTest" time="0.009"/>
  <testcase name="testAddingNullValue" classname="hr.fer.oprpp1.custom.collections.LinkedListIndexedCollectionTest" time="0.001"/>
  <testcase name="testIndexLessThanZeroInsertMethod" classname="hr.fer.oprpp1.custom.collections.LinkedListIndexedCollectionTest" time="0"/>
  <testcase name="testIndexLessThanZeroGetMethod" classname="hr.fer.oprpp1.custom.collections.LinkedListIndexedCollectionTest" time="0"/>
  <testcase name="testToArray" classname="hr.fer.oprpp1.custom.collections.LinkedListIndexedCollectionTest" time="0"/>
  <testcase name="testCreatingCollectionFromCollection" classname="hr.fer.oprpp1.custom.collections.LinkedListIndexedCollectionTest" time="0.001"/>
  <testcase name="testIndexOfExistingElement" classname="hr.fer.oprpp1.custom.collections.LinkedListIndexedCollectionTest" time="0"/>
  <testcase name="testGetElement" classname="hr.fer.oprpp1.custom.collections.LinkedListIndexedCollectionTest" time="0"/>
  <testcase name="testIndexCrossedUpperBoundInsertMethod" classname="hr.fer.oprpp1.custom.collections.LinkedListIndexedCollectionTest" time="0"/>
  <testcase name="testClear" classname="hr.fer.oprpp1.custom.collections.LinkedListIndexedCollectionTest" time="0"/>
  <testcase name="testRemovingNonExistingElement" classname="hr.fer.oprpp1.custom.collections.LinkedListIndexedCollectionTest" time="0.001"/>
  <testcase name="testInsertElementInMiddleOfArray" classname="hr.fer.oprpp1.custom.collections.LinkedListIndexedCollectionTest" time="0"/>
  <testcase name="testIndexCrossedUpperBoundGetMethod" classname="hr.fer.oprpp1.custom.collections.LinkedListIndexedCollectionTest" time="0"/>
  <testcase name="testInsertAtArrayStart" classname="hr.fer.oprpp1.custom.collections.LinkedListIndexedCollectionTest" time="0"/>
  <testcase name="testContainsValue" classname="hr.fer.oprpp1.custom.collections.LinkedListIndexedCollectionTest" time="0"/>
  <testcase name="testIndexOfNonExistingElement" classname="hr.fer.oprpp1.custom.collections.LinkedListIndexedCollectionTest" time="0"/>
  <testcase name="testShouldRemoveOneOfMultipleEqualElements" classname="hr.fer.oprpp1.custom.collections.LinkedListIndexedCollectionTest" time="0"/>
  <testcase name="testAddingValues" classname="hr.fer.oprpp1.custom.collections.LinkedListIndexedCollectionTest" time="0.001"/>
  <testcase name="testInsertAtLastIndex" classname="hr.fer.oprpp1.custom.collections.LinkedListIndexedCollectionTest" time="0"/>
  <testcase name="testToArrayForEmptyCollection" classname="hr.fer.oprpp1.custom.collections.LinkedListIndexedCollectionTest" time="0"/>
  <testcase name="testIndexOfNull" classname="hr.fer.oprpp1.custom.collections.LinkedListIndexedCollectionTest" time="0"/>
  <testcase name="testIndexLessThanZeroRemoveMethod" classname="hr.fer.oprpp1.custom.collections.LinkedListIndexedCollectionTest" time="0"/>
  <testcase name="testDoesNotContainValue" classname="hr.fer.oprpp1.custom.collections.LinkedListIndexedCollectionTest" time="0"/>
  <testcase name="testRemoveContainedElement" classname="hr.fer.oprpp1.custom.collections.LinkedListIndexedCollectionTest" time="0"/>
  <testcase name="testIndexCrossedUpperBoundRemoveMethod" classname="hr.fer.oprpp1.custom.collections.LinkedListIndexedCollectionTest" time="0"/>
  <testcase name="testRemovingFromEmptyArray" classname="hr.fer.oprpp1.custom.collections.LinkedListIndexedCollectionTest" time="0"/>
  <testcase name="testPassedCollectionIsNull" classname="hr.fer.oprpp1.custom.collections.LinkedListIndexedCollectionTest" time="0.001"/>
  <testcase name="testInsertIntoEmptyArray" classname="hr.fer.oprpp1.custom.collections.LinkedListIndexedCollectionTest" time="0.001"/>
  <testcase name="testDefaultConstructor" classname="hr.fer.oprpp1.custom.collections.LinkedListIndexedCollectionTest" time="0"/>
</testsuite>