-------------------------------------------------------------------------------
Test set: hr.fer.oprpp1.custom.collections.ObjectStackTest
-------------------------------------------------------------------------------
Tests run: 6, Failures: 6, Errors: 0, Skipped: 0, Time elapsed: 0 sec <<< FAILURE! - in hr.fer.oprpp1.custom.collections.ObjectStackTest
hr.fer.oprpp1.custom.collections.ObjectStackTest.testPoppingEmptyStack()  Time elapsed: 0 sec  <<< FAILURE!
org.opentest4j.AssertionFailedError: Unexpected exception type thrown ==> expected: <hr.fer.oprpp1.custom.collections.EmptyStackException> but was: <java.lang.NullPointerException>
	at org.junit.jupiter.api.AssertThrows.assertThrows(AssertThrows.java:65)
	at org.junit.jupiter.api.AssertThrows.assertThrows(AssertThrows.java:37)
	at org.junit.jupiter.api.Assertions.assertThrows(Assertions.java:3082)
	at hr.fer.oprpp1.custom.collections.ObjectStackTest.testPoppingEmptyStack(ObjectStackTest.java:18)
Caused by: java.lang.NullPointerException: Cannot invoke "hr.fer.oprpp1.custom.collections.ObjectStack.pop()" because "this.testStack" is null
	at hr.fer.oprpp1.custom.collections.ObjectStackTest.lambda$testPoppingEmptyStack$0(ObjectStackTest.java:18)
	at org.junit.jupiter.api.AssertThrows.assertThrows(AssertThrows.java:55)
	... 15 more

hr.fer.oprpp1.custom.collections.ObjectStackTest.testPeekingEmptyStack()  Time elapsed: 0 sec  <<< FAILURE!
org.opentest4j.AssertionFailedError: Unexpected exception type thrown ==> expected: <hr.fer.oprpp1.custom.collections.EmptyStackException> but was: <java.lang.NullPointerException>
	at org.junit.jupiter.api.AssertThrows.assertThrows(AssertThrows.java:65)
	at org.junit.jupiter.api.AssertThrows.assertThrows(AssertThrows.java:37)
	at org.junit.jupiter.api.Assertions.assertThrows(Assertions.java:3082)
	at hr.fer.oprpp1.custom.collections.ObjectStackTest.testPeekingEmptyStack(ObjectStackTest.java:23)
Caused by: java.lang.NullPointerException: Cannot invoke "hr.fer.oprpp1.custom.collections.ObjectStack.peek()" because "this.testStack" is null
	at hr.fer.oprpp1.custom.collections.ObjectStackTest.lambda$testPeekingEmptyStack$1(ObjectStackTest.java:23)
	at org.junit.jupiter.api.AssertThrows.assertThrows(AssertThrows.java:55)
	... 15 more

hr.fer.oprpp1.custom.collections.ObjectStackTest.testPushingAndPoppingOrder()  Time elapsed: 0 sec  <<< FAILURE!
java.lang.NullPointerException: Cannot invoke "hr.fer.oprpp1.custom.collections.ObjectStack.push(Object)" because "this.testStack" is null
	at hr.fer.oprpp1.custom.collections.ObjectStackTest.testPushingAndPoppingOrder(ObjectStackTest.java:28)

hr.fer.oprpp1.custom.collections.ObjectStackTest.testPeekDoesNotPop()  Time elapsed: 0 sec  <<< FAILURE!
java.lang.NullPointerException: Cannot invoke "hr.fer.oprpp1.custom.collections.ObjectStack.push(Object)" because "this.testStack" is null
	at hr.fer.oprpp1.custom.collections.ObjectStackTest.testPeekDoesNotPop(ObjectStackTest.java:36)

hr.fer.oprpp1.custom.collections.ObjectStackTest.testSize()  Time elapsed: 0 sec  <<< FAILURE!
java.lang.NullPointerException: Cannot invoke "hr.fer.oprpp1.custom.collections.ObjectStack.push(Object)" because "this.testStack" is null
	at hr.fer.oprpp1.custom.collections.ObjectStackTest.testSize(ObjectStackTest.java:44)

hr.fer.oprpp1.custom.collections.ObjectStackTest.testClearingStack()  Time elapsed: 0 sec  <<< FAILURE!
java.lang.NullPointerException: Cannot invoke "hr.fer.oprpp1.custom.collections.ObjectStack.push(Object)" because "this.testStack" is null
	at hr.fer.oprpp1.custom.collections.ObjectStackTest.testClearingStack(ObjectStackTest.java:51)

