<?xml version="1.0" encoding="UTF-8"?>
<testsuite xmlns:xsi="http://www.w3.org/2001/XMLSchema-instance" xsi:schemaLocation="https://maven.apache.org/surefire/maven-surefire-plugin/xsd/surefire-test-report.xsd" name="hr.fer.oprpp1.custom.collections.ObjectStackTest" time="0" tests="6" errors="0" skipped="0" failures="6">
  <properties>
    <property name="java.runtime.name" value="OpenJDK Runtime Environment"/>
    <property name="java.vm.version" value="17+0"/>
    <property name="sun.boot.library.path" value="/opt/homebrew/Cellar/openjdk/17/libexec/openjdk.jdk/Contents/Home/lib"/>
    <property name="maven.multiModuleProjectDirectory" value="/Users/lovrogrguricmileusnic/Documents/FER/3. godina/OPRPP/FER_OPPRP1_HWS/hw02-0036523763"/>
    <property name="java.vm.vendor" value="Homebrew"/>
    <property name="java.vendor.url" value="https://github.com/Homebrew/homebrew-core/issues"/>
    <property name="guice.disable.misplaced.annotation.check" value="true"/>
    <property name="path.separator" value=":"/>
    <property name="java.vm.name" value="OpenJDK 64-Bit Server VM"/>
    <property name="user.country" value="HR"/>
    <property name="sun.java.launcher" value="SUN_STANDARD"/>
    <property name="java.vm.specification.name" value="Java Virtual Machine Specification"/>
    <property name="user.dir" value="/Users/lovrogrguricmileusnic/Documents/FER/3. godina/OPRPP/FER_OPPRP1_HWS/hw02-0036523763"/>
    <property name="java.vm.compressedOopsMode" value="Zero based"/>
    <property name="java.runtime.version" value="17+0"/>
    <property name="os.arch" value="aarch64"/>
    <property name="java.io.tmpdir" value="/var/folders/g2/yss8rx9j3ms58xpj_nxj99bw0000gn/T/"/>
    <property name="line.separator" value="&#10;"/>
    <property name="java.vm.specification.vendor" value="Oracle Corporation"/>
    <property name="os.name" value="Mac OS X"/>
    <property name="classworlds.conf" value="/opt/homebrew/Cellar/maven/3.8.3/libexec/bin/m2.conf"/>
    <property name="sun.jnu.encoding" value="UTF-8"/>
    <property name="java.library.path" value="/Users/lovrogrguricmileusnic/Library/Java/Extensions:/Library/Java/Extensions:/Network/Library/Java/Extensions:/System/Library/Java/Extensions:/usr/lib/java:."/>
    <property name="maven.conf" value="/opt/homebrew/Cellar/maven/3.8.3/libexec/conf"/>
    <property name="jdk.debug" value="release"/>
    <property name="java.class.version" value="61.0"/>
    <property name="java.specification.name" value="Java Platform API Specification"/>
    <property name="sun.management.compiler" value="HotSpot 64-Bit Tiered Compilers"/>
    <property name="os.version" value="11.6"/>
    <property name="library.jansi.path" value="/opt/homebrew/Cellar/maven/3.8.3/libexec/lib/jansi-native"/>
    <property name="http.nonProxyHosts" value="local|*.local|169.254/16|*.169.254/16"/>
    <property name="user.home" value="/Users/lovrogrguricmileusnic"/>
    <property name="user.timezone" value="Europe/Zagreb"/>
    <property name="file.encoding" value="UTF-8"/>
    <property name="java.specification.version" value="17"/>
    <property name="user.name" value="lovrogrguricmileusnic"/>
    <property name="java.class.path" value="/opt/homebrew/Cellar/maven/3.8.3/libexec/boot/plexus-classworlds-2.6.0.jar"/>
    <property name="java.vm.specification.version" value="17"/>
    <property name="sun.arch.data.model" value="64"/>
    <property name="sun.java.command" value="org.codehaus.plexus.classworlds.launcher.Launcher test -e"/>
    <property name="java.home" value="/opt/homebrew/Cellar/openjdk/17/libexec/openjdk.jdk/Contents/Home"/>
    <property name="user.language" value="en"/>
    <property name="java.specification.vendor" value="Oracle Corporation"/>
    <property name="java.vm.info" value="mixed mode, sharing"/>
    <property name="java.version" value="17"/>
    <property name="native.encoding" value="UTF-8"/>
    <property name="java.vendor" value="Homebrew"/>
    <property name="sun.stderr.encoding" value="UTF-8"/>
    <property name="maven.home" value="/opt/homebrew/Cellar/maven/3.8.3/libexec"/>
    <property name="file.separator" value="/"/>
    <property name="java.version.date" value="2021-09-14"/>
    <property name="java.vendor.url.bug" value="https://github.com/Homebrew/homebrew-core/issues"/>
    <property name="sun.io.unicode.encoding" value="UnicodeBig"/>
    <property name="sun.cpu.endian" value="little"/>
    <property name="java.vendor.version" value="Homebrew"/>
    <property name="sun.stdout.encoding" value="UTF-8"/>
    <property name="socksNonProxyHosts" value="local|*.local|169.254/16|*.169.254/16"/>
    <property name="ftp.nonProxyHosts" value="local|*.local|169.254/16|*.169.254/16"/>
  </properties>
  <testcase name="hr.fer.oprpp1.custom.collections.ObjectStackTest.testPoppingEmptyStack" classname="hr.fer.oprpp1.custom.collections.ObjectStackTest" time="0">
    <failure message="Unexpected exception type thrown ==&gt; expected: &lt;hr.fer.oprpp1.custom.collections.EmptyStackException&gt; but was: &lt;java.lang.NullPointerException&gt;" type="org.opentest4j.AssertionFailedError"><![CDATA[org.opentest4j.AssertionFailedError: Unexpected exception type thrown ==> expected: <hr.fer.oprpp1.custom.collections.EmptyStackException> but was: <java.lang.NullPointerException>
	at org.junit.jupiter.api.AssertThrows.assertThrows(AssertThrows.java:65)
	at org.junit.jupiter.api.AssertThrows.assertThrows(AssertThrows.java:37)
	at org.junit.jupiter.api.Assertions.assertThrows(Assertions.java:3082)
	at hr.fer.oprpp1.custom.collections.ObjectStackTest.testPoppingEmptyStack(ObjectStackTest.java:18)
Caused by: java.lang.NullPointerException: Cannot invoke "hr.fer.oprpp1.custom.collections.ObjectStack.pop()" because "this.testStack" is null
	at hr.fer.oprpp1.custom.collections.ObjectStackTest.lambda$testPoppingEmptyStack$0(ObjectStackTest.java:18)
	at org.junit.jupiter.api.AssertThrows.assertThrows(AssertThrows.java:55)
	... 15 more
]]></failure>
  </testcase>
  <testcase name="hr.fer.oprpp1.custom.collections.ObjectStackTest.testPeekingEmptyStack" classname="hr.fer.oprpp1.custom.collections.ObjectStackTest" time="0">
    <failure message="Unexpected exception type thrown ==&gt; expected: &lt;hr.fer.oprpp1.custom.collections.EmptyStackException&gt; but was: &lt;java.lang.NullPointerException&gt;" type="org.opentest4j.AssertionFailedError"><![CDATA[org.opentest4j.AssertionFailedError: Unexpected exception type thrown ==> expected: <hr.fer.oprpp1.custom.collections.EmptyStackException> but was: <java.lang.NullPointerException>
	at org.junit.jupiter.api.AssertThrows.assertThrows(AssertThrows.java:65)
	at org.junit.jupiter.api.AssertThrows.assertThrows(AssertThrows.java:37)
	at org.junit.jupiter.api.Assertions.assertThrows(Assertions.java:3082)
	at hr.fer.oprpp1.custom.collections.ObjectStackTest.testPeekingEmptyStack(ObjectStackTest.java:23)
Caused by: java.lang.NullPointerException: Cannot invoke "hr.fer.oprpp1.custom.collections.ObjectStack.peek()" because "this.testStack" is null
	at hr.fer.oprpp1.custom.collections.ObjectStackTest.lambda$testPeekingEmptyStack$1(ObjectStackTest.java:23)
	at org.junit.jupiter.api.AssertThrows.assertThrows(AssertThrows.java:55)
	... 15 more
]]></failure>
  </testcase>
  <testcase name="hr.fer.oprpp1.custom.collections.ObjectStackTest.testPushingAndPoppingOrder" classname="hr.fer.oprpp1.custom.collections.ObjectStackTest" time="0">
    <failure message="Cannot invoke &quot;hr.fer.oprpp1.custom.collections.ObjectStack.push(Object)&quot; because &quot;this.testStack&quot; is null" type="java.lang.NullPointerException">java.lang.NullPointerException: Cannot invoke "hr.fer.oprpp1.custom.collections.ObjectStack.push(Object)" because "this.testStack" is null
	at hr.fer.oprpp1.custom.collections.ObjectStackTest.testPushingAndPoppingOrder(ObjectStackTest.java:28)
</failure>
  </testcase>
  <testcase name="hr.fer.oprpp1.custom.collections.ObjectStackTest.testPeekDoesNotPop" classname="hr.fer.oprpp1.custom.collections.ObjectStackTest" time="0">
    <failure message="Cannot invoke &quot;hr.fer.oprpp1.custom.collections.ObjectStack.push(Object)&quot; because &quot;this.testStack&quot; is null" type="java.lang.NullPointerException">java.lang.NullPointerException: Cannot invoke "hr.fer.oprpp1.custom.collections.ObjectStack.push(Object)" because "this.testStack" is null
	at hr.fer.oprpp1.custom.collections.ObjectStackTest.testPeekDoesNotPop(ObjectStackTest.java:36)
</failure>
  </testcase>
  <testcase name="hr.fer.oprpp1.custom.collections.ObjectStackTest.testSize" classname="hr.fer.oprpp1.custom.collections.ObjectStackTest" time="0">
    <failure message="Cannot invoke &quot;hr.fer.oprpp1.custom.collections.ObjectStack.push(Object)&quot; because &quot;this.testStack&quot; is null" type="java.lang.NullPointerException">java.lang.NullPointerException: Cannot invoke "hr.fer.oprpp1.custom.collections.ObjectStack.push(Object)" because "this.testStack" is null
	at hr.fer.oprpp1.custom.collections.ObjectStackTest.testSize(ObjectStackTest.java:44)
</failure>
  </testcase>
  <testcase name="hr.fer.oprpp1.custom.collections.ObjectStackTest.testClearingStack" classname="hr.fer.oprpp1.custom.collections.ObjectStackTest" time="0">
    <failure message="Cannot invoke &quot;hr.fer.oprpp1.custom.collections.ObjectStack.push(Object)&quot; because &quot;this.testStack&quot; is null" type="java.lang.NullPointerException">java.lang.NullPointerException: Cannot invoke "hr.fer.oprpp1.custom.collections.ObjectStack.push(Object)" because "this.testStack" is null
	at hr.fer.oprpp1.custom.collections.ObjectStackTest.testClearingStack(ObjectStackTest.java:51)
</failure>
  </testcase>
</testsuite>