<?xml version="1.0" encoding="UTF-8"?>
<testsuite xmlns:xsi="http://www.w3.org/2001/XMLSchema-instance" xsi:noNamespaceSchemaLocation="https://maven.apache.org/surefire/maven-surefire-plugin/xsd/surefire-test-report.xsd" name="hr.fer.oprpp1.custom.scripting.SmartScriptExampleTests" time="0.039" tests="13" errors="3" skipped="0" failures="0">
  <properties>
[...]
</properties>
  <testcase name="testExtra1" classname="hr.fer.oprpp1.custom.scripting.SmartScriptExampleTests" time="0.011"/>
  <testcase name="testExtra2" classname="hr.fer.oprpp1.custom.scripting.SmartScriptExampleTests" time="0"/>
  <testcase name="testExtra3" classname="hr.fer.oprpp1.custom.scripting.SmartScriptExampleTests" time="0"/>
  <testcase name="testExtra4" classname="hr.fer.oprpp1.custom.scripting.SmartScriptExampleTests" time="0.001"/>
  <testcase name="testExtra5" classname="hr.fer.oprpp1.custom.scripting.SmartScriptExampleTests" time="0"/>
  <testcase name="testExtra6" classname="hr.fer.oprpp1.custom.scripting.SmartScriptExampleTests" time="0.002"/>
  <testcase name="testExtra7" classname="hr.fer.oprpp1.custom.scripting.SmartScriptExampleTests" time="0.001"/>
  <testcase name="testExtra8" classname="hr.fer.oprpp1.custom.scripting.SmartScriptExampleTests" time="0.001"/>
  <testcase name="testExtra9" classname="hr.fer.oprpp1.custom.scripting.SmartScriptExampleTests" time="0"/>
  <testcase name="testDocument1" classname="hr.fer.oprpp1.custom.scripting.SmartScriptExampleTests" time="0.008"/>
  <testcase name="testDocument2" classname="hr.fer.oprpp1.custom.scripting.SmartScriptExampleTests" time="0.004">
    <error message="Datoteka extra/document2.txt je nedostupna." type="java.lang.RuntimeException">java.lang.RuntimeException: Datoteka extra/document2.txt je nedostupna.
	at hr.fer.oprpp1.custom.scripting.SmartScriptExampleTests.readExampleFromResources(SmartScriptExampleTests.java:153)
	at hr.fer.oprpp1.custom.scripting.SmartScriptExampleTests.testDocument2(SmartScriptExampleTests.java:106)
</error>
  </testcase>
  <testcase name="testDocument3" classname="hr.fer.oprpp1.custom.scripting.SmartScriptExampleTests" time="0">
    <error message="Datoteka extra/document3.txt je nedostupna." type="java.lang.RuntimeException">java.lang.RuntimeException: Datoteka extra/document3.txt je nedostupna.
	at hr.fer.oprpp1.custom.scripting.SmartScriptExampleTests.readExampleFromResources(SmartScriptExampleTests.java:153)
	at hr.fer.oprpp1.custom.scripting.SmartScriptExampleTests.testDocument3(SmartScriptExampleTests.java:118)
</error>
  </testcase>
  <testcase name="testDocument4" classname="hr.fer.oprpp1.custom.scripting.SmartScriptExampleTests" time="0.004">
    <error message="Datoteka extra/document4.txt je nedostupna." type="java.lang.RuntimeException">java.lang.RuntimeException: Datoteka extra/document4.txt je nedostupna.
	at hr.fer.oprpp1.custom.scripting.SmartScriptExampleTests.readExampleFromResources(SmartScriptExampleTests.java:153)
	at hr.fer.oprpp1.custom.scripting.SmartScriptExampleTests.testDocument4(SmartScriptExampleTests.java:130)
</error>
  </testcase>
</testsuite>