<?xml version="1.0" encoding="UTF-8"?>
<testsuite xmlns:xsi="http://www.w3.org/2001/XMLSchema-instance" xsi:schemaLocation="https://maven.apache.org/surefire/maven-surefire-plugin/xsd/surefire-test-report.xsd" name="hr.fer.zemris.java.hw03.prob1.Prob1Test" time="0.002" tests="24" errors="0" skipped="0" failures="0">
  <properties>
[...]
</properties>
  <testcase name="hr.fer.zemris.java.hw03.prob1.Prob1Test.testNotNull" classname="hr.fer.zemris.java.hw03.prob1.Prob1Test" time="0"/>
  <testcase name="hr.fer.zemris.java.hw03.prob1.Prob1Test.testNullInput" classname="hr.fer.zemris.java.hw03.prob1.Prob1Test" time="0"/>
  <testcase name="hr.fer.zemris.java.hw03.prob1.Prob1Test.testEmpty" classname="hr.fer.zemris.java.hw03.prob1.Prob1Test" time="0"/>
  <testcase name="hr.fer.zemris.java.hw03.prob1.Prob1Test.testGetReturnsLastNext" classname="hr.fer.zemris.java.hw03.prob1.Prob1Test" time="0"/>
  <testcase name="hr.fer.zemris.java.hw03.prob1.Prob1Test.testRadAfterEOF" classname="hr.fer.zemris.java.hw03.prob1.Prob1Test" time="0"/>
  <testcase name="hr.fer.zemris.java.hw03.prob1.Prob1Test.testNoActualContent" classname="hr.fer.zemris.java.hw03.prob1.Prob1Test" time="0"/>
  <testcase name="hr.fer.zemris.java.hw03.prob1.Prob1Test.testTwoWords" classname="hr.fer.zemris.java.hw03.prob1.Prob1Test" time="0"/>
  <testcase name="hr.fer.zemris.java.hw03.prob1.Prob1Test.testWordStartingWithEscape" classname="hr.fer.zemris.java.hw03.prob1.Prob1Test" time="0"/>
  <testcase name="hr.fer.zemris.java.hw03.prob1.Prob1Test.testInvalidEscapeEnding" classname="hr.fer.zemris.java.hw03.prob1.Prob1Test" time="0"/>
  <testcase name="hr.fer.zemris.java.hw03.prob1.Prob1Test.testInvalidEscape" classname="hr.fer.zemris.java.hw03.prob1.Prob1Test" time="0"/>
  <testcase name="hr.fer.zemris.java.hw03.prob1.Prob1Test.testSingleEscapedDigit" classname="hr.fer.zemris.java.hw03.prob1.Prob1Test" time="0"/>
  <testcase name="hr.fer.zemris.java.hw03.prob1.Prob1Test.testWordWithManyEscapes" classname="hr.fer.zemris.java.hw03.prob1.Prob1Test" time="0"/>
  <testcase name="hr.fer.zemris.java.hw03.prob1.Prob1Test.testTwoNumbers" classname="hr.fer.zemris.java.hw03.prob1.Prob1Test" time="0"/>
  <testcase name="hr.fer.zemris.java.hw03.prob1.Prob1Test.testTooBigNumber" classname="hr.fer.zemris.java.hw03.prob1.Prob1Test" time="0"/>
  <testcase name="hr.fer.zemris.java.hw03.prob1.Prob1Test.testWordWithManyEscapesAndNumbers" classname="hr.fer.zemris.java.hw03.prob1.Prob1Test" time="0"/>
  <testcase name="hr.fer.zemris.java.hw03.prob1.Prob1Test.testSomeSymbols" classname="hr.fer.zemris.java.hw03.prob1.Prob1Test" time="0"/>
  <testcase name="hr.fer.zemris.java.hw03.prob1.Prob1Test.testCombinedInput" classname="hr.fer.zemris.java.hw03.prob1.Prob1Test" time="0"/>
  <testcase name="hr.fer.zemris.java.hw03.prob1.Prob1Test.testNullState" classname="hr.fer.zemris.java.hw03.prob1.Prob1Test" time="0"/>
  <testcase name="hr.fer.zemris.java.hw03.prob1.Prob1Test.testNotNullInExtended" classname="hr.fer.zemris.java.hw03.prob1.Prob1Test" time="0"/>
  <testcase name="hr.fer.zemris.java.hw03.prob1.Prob1Test.testEmptyInExtended" classname="hr.fer.zemris.java.hw03.prob1.Prob1Test" time="0"/>
  <testcase name="hr.fer.zemris.java.hw03.prob1.Prob1Test.testGetReturnsLastNextInExtended" classname="hr.fer.zemris.java.hw03.prob1.Prob1Test" time="0"/>
  <testcase name="hr.fer.zemris.java.hw03.prob1.Prob1Test.testRadAfterEOFInExtended" classname="hr.fer.zemris.java.hw03.prob1.Prob1Test" time="0"/>
  <testcase name="hr.fer.zemris.java.hw03.prob1.Prob1Test.testNoActualContentInExtended" classname="hr.fer.zemris.java.hw03.prob1.Prob1Test" time="0"/>
  <testcase name="hr.fer.zemris.java.hw03.prob1.Prob1Test.testMultipartInput" classname="hr.fer.zemris.java.hw03.prob1.Prob1Test" time="0.001"/>
</testsuite>