<?xml version="1.0" encoding="UTF-8"?>
<testsuite xmlns:xsi="http://www.w3.org/2001/XMLSchema-instance" xsi:schemaLocation="https://maven.apache.org/surefire/maven-surefire-plugin/xsd/surefire-test-report.xsd" name="hr.fer.oprpp1.custom.collections.ObjectStackTest" time="0" tests="6" errors="0" skipped="0" failures="6">
  <properties>
[...]
</properties>
  <testcase name="hr.fer.oprpp1.custom.collections.ObjectStackTest.testPoppingEmptyStack" classname="hr.fer.oprpp1.custom.collections.ObjectStackTest" time="0">
    <failure message="Unexpected exception type thrown ==&gt; expected: &lt;hr.fer.oprpp1.custom.collections.EmptyStackException&gt; but was: &lt;java.lang.NullPointerException&gt;" type="org.opentest4j.AssertionFailedError"><![CDATA[org.opentest4j.AssertionFailedError: Unexpected exception type thrown ==> expected: <hr.fer.oprpp1.custom.collections.EmptyStackException> but was: <java.lang.NullPointerException>
	at org.junit.jupiter.api.AssertThrows.assertThrows(AssertThrows.java:65)
	at org.junit.jupiter.api.AssertThrows.assertThrows(AssertThrows.java:37)
	at org.junit.jupiter.api.Assertions.assertThrows(Assertions.java:3082)
	at hr.fer.oprpp1.custom.collections.ObjectStackTest.testPoppingEmptyStack(ObjectStackTest.java:18)
Caused by: java.lang.NullPointerException: Cannot invoke "hr.fer.oprpp1.custom.collections.ObjectStack.pop()" because "this.testStack" is null
	at hr.fer.oprpp1.custom.collections.ObjectStackTest.lambda$testPoppingEmptyStack$0(ObjectStackTest.java:18)
	at org.junit.jupiter.api.AssertThrows.assertThrows(AssertThrows.java:55)
	... 15 more
]]></failure>
  </testcase>
  <testcase name="hr.fer.oprpp1.custom.collections.ObjectStackTest.testPeekingEmptyStack" classname="hr.fer.oprpp1.custom.collections.ObjectStackTest" time="0">
    <failure message="Unexpected exception type thrown ==&gt; expected: &lt;hr.fer.oprpp1.custom.collections.EmptyStackException&gt; but was: &lt;java.lang.NullPointerException&gt;" type="org.opentest4j.AssertionFailedError"><![CDATA[org.opentest4j.AssertionFailedError: Unexpected exception type thrown ==> expected: <hr.fer.oprpp1.custom.collections.EmptyStackException> but was: <java.lang.NullPointerException>
	at org.junit.jupiter.api.AssertThrows.assertThrows(AssertThrows.java:65)
	at org.junit.jupiter.api.AssertThrows.assertThrows(AssertThrows.java:37)
	at org.junit.jupiter.api.Assertions.assertThrows(Assertions.java:3082)
	at hr.fer.oprpp1.custom.collections.ObjectStackTest.testPeekingEmptyStack(ObjectStackTest.java:23)
Caused by: java.lang.NullPointerException: Cannot invoke "hr.fer.oprpp1.custom.collections.ObjectStack.peek()" because "this.testStack" is null
	at hr.fer.oprpp1.custom.collections.ObjectStackTest.lambda$testPeekingEmptyStack$1(ObjectStackTest.java:23)
	at org.junit.jupiter.api.AssertThrows.assertThrows(AssertThrows.java:55)
	... 15 more
]]></failure>
  </testcase>
  <testcase name="hr.fer.oprpp1.custom.collections.ObjectStackTest.testPushingAndPoppingOrder" classname="hr.fer.oprpp1.custom.collections.ObjectStackTest" time="0">
    <failure message="Cannot invoke &quot;hr.fer.oprpp1.custom.collections.ObjectStack.push(Object)&quot; because &quot;this.testStack&quot; is null" type="java.lang.NullPointerException">java.lang.NullPointerException: Cannot invoke "hr.fer.oprpp1.custom.collections.ObjectStack.push(Object)" because "this.testStack" is null
	at hr.fer.oprpp1.custom.collections.ObjectStackTest.testPushingAndPoppingOrder(ObjectStackTest.java:28)
</failure>
  </testcase>
  <testcase name="hr.fer.oprpp1.custom.collections.ObjectStackTest.testPeekDoesNotPop" classname="hr.fer.oprpp1.custom.collections.ObjectStackTest" time="0">
    <failure message="Cannot invoke &quot;hr.fer.oprpp1.custom.collections.ObjectStack.push(Object)&quot; because &quot;this.testStack&quot; is null" type="java.lang.NullPointerException">java.lang.NullPointerException: Cannot invoke "hr.fer.oprpp1.custom.collections.ObjectStack.push(Object)" because "this.testStack" is null
	at hr.fer.oprpp1.custom.collections.ObjectStackTest.testPeekDoesNotPop(ObjectStackTest.java:36)
</failure>
  </testcase>
  <testcase name="hr.fer.oprpp1.custom.collections.ObjectStackTest.testSize" classname="hr.fer.oprpp1.custom.collections.ObjectStackTest" time="0">
    <failure message="Cannot invoke &quot;hr.fer.oprpp1.custom.collections.ObjectStack.push(Object)&quot; because &quot;this.testStack&quot; is null" type="java.lang.NullPointerException">java.lang.NullPointerException: Cannot invoke "hr.fer.oprpp1.custom.collections.ObjectStack.push(Object)" because "this.testStack" is null
	at hr.fer.oprpp1.custom.collections.ObjectStackTest.testSize(ObjectStackTest.java:44)
</failure>
  </testcase>
  <testcase name="hr.fer.oprpp1.custom.collections.ObjectStackTest.testClearingStack" classname="hr.fer.oprpp1.custom.collections.ObjectStackTest" time="0">
    <failure message="Cannot invoke &quot;hr.fer.oprpp1.custom.collections.ObjectStack.push(Object)&quot; because &quot;this.testStack&quot; is null" type="java.lang.NullPointerException">java.lang.NullPointerException: Cannot invoke "hr.fer.oprpp1.custom.collections.ObjectStack.push(Object)" because "this.testStack" is null
	at hr.fer.oprpp1.custom.collections.ObjectStackTest.testClearingStack(ObjectStackTest.java:51)
</failure>
  </testcase>
</testsuite>