<?xml version="1.0" encoding="UTF-8"?>
<testsuite xmlns:xsi="http://www.w3.org/2001/XMLSchema-instance" xsi:schemaLocation="https://maven.apache.org/surefire/maven-surefire-plugin/xsd/surefire-test-report.xsd" name="hr.fer.oprpp1.custom.collections.ArrayIndexedCollectionTest" time="0" tests="33" errors="0" skipped="0" failures="26">
  <properties>
[...]
</properties>
  <testcase name="hr.fer.oprpp1.custom.collections.ArrayIndexedCollectionTest.testPassedCollectionIsNull" classname="hr.fer.oprpp1.custom.collections.ArrayIndexedCollectionTest" time="0"/>
  <testcase name="hr.fer.oprpp1.custom.collections.ArrayIndexedCollectionTest.testCreatingCollectionFromCollection" classname="hr.fer.oprpp1.custom.collections.ArrayIndexedCollectionTest" time="0">
    <failure type="java.lang.NullPointerException"><![CDATA[java.lang.NullPointerException
	at java.base/java.util.Objects.requireNonNull(Objects.java:208)
	at hr.fer.oprpp1.custom.collections.ArrayIndexedCollection.<init>(ArrayIndexedCollection.java:111)
	at hr.fer.oprpp1.custom.collections.ArrayIndexedCollectionTest.testCreatingCollectionFromCollection(ArrayIndexedCollectionTest.java:44)
]]></failure>
  </testcase>
  <testcase name="hr.fer.oprpp1.custom.collections.ArrayIndexedCollectionTest.testToArray" classname="hr.fer.oprpp1.custom.collections.ArrayIndexedCollectionTest" time="0">
    <failure message="Cannot invoke &quot;hr.fer.oprpp1.custom.collections.ArrayIndexedCollection.toArray()&quot; because &quot;this.testCollection&quot; is null" type="java.lang.NullPointerException">java.lang.NullPointerException: Cannot invoke "hr.fer.oprpp1.custom.collections.ArrayIndexedCollection.toArray()" because "this.testCollection" is null
	at hr.fer.oprpp1.custom.collections.ArrayIndexedCollectionTest.testToArray(ArrayIndexedCollectionTest.java:49)
</failure>
  </testcase>
  <testcase name="hr.fer.oprpp1.custom.collections.ArrayIndexedCollectionTest.testToArrayForEmptyCollection" classname="hr.fer.oprpp1.custom.collections.ArrayIndexedCollectionTest" time="0"/>
  <testcase name="hr.fer.oprpp1.custom.collections.ArrayIndexedCollectionTest.testAddingNullValue" classname="hr.fer.oprpp1.custom.collections.ArrayIndexedCollectionTest" time="0"/>
  <testcase name="hr.fer.oprpp1.custom.collections.ArrayIndexedCollectionTest.testSizeShouldChangeWhenAddingElements" classname="hr.fer.oprpp1.custom.collections.ArrayIndexedCollectionTest" time="0">
    <failure message="Cannot invoke &quot;hr.fer.oprpp1.custom.collections.ArrayIndexedCollection.add(Object)&quot; because &quot;this.testCollection&quot; is null" type="java.lang.NullPointerException">java.lang.NullPointerException: Cannot invoke "hr.fer.oprpp1.custom.collections.ArrayIndexedCollection.add(Object)" because "this.testCollection" is null
	at hr.fer.oprpp1.custom.collections.ArrayIndexedCollectionTest.testSizeShouldChangeWhenAddingElements(ArrayIndexedCollectionTest.java:65)
</failure>
  </testcase>
  <testcase name="hr.fer.oprpp1.custom.collections.ArrayIndexedCollectionTest.testAddingValues" classname="hr.fer.oprpp1.custom.collections.ArrayIndexedCollectionTest" time="0">
    <failure message="expected: &lt;null&gt; but was: &lt;hr.fer.oprpp1.custom.collections.ArrayIndexedCollection@311d617d&gt;" type="org.opentest4j.AssertionFailedError"><![CDATA[org.opentest4j.AssertionFailedError: expected: <null> but was: <hr.fer.oprpp1.custom.collections.ArrayIndexedCollection@311d617d>
	at org.junit.jupiter.api.AssertionUtils.fail(AssertionUtils.java:55)
	at org.junit.jupiter.api.AssertionUtils.failNotEqual(AssertionUtils.java:62)
	at org.junit.jupiter.api.AssertEquals.assertEquals(AssertEquals.java:182)
	at org.junit.jupiter.api.AssertEquals.assertEquals(AssertEquals.java:177)
	at org.junit.jupiter.api.Assertions.assertEquals(Assertions.java:1141)
	at hr.fer.oprpp1.custom.collections.ArrayIndexedCollectionTest.testAddingValues(ArrayIndexedCollectionTest.java:76)
]]></failure>
  </testcase>
  <testcase name="hr.fer.oprpp1.custom.collections.ArrayIndexedCollectionTest.testContainsValue" classname="hr.fer.oprpp1.custom.collections.ArrayIndexedCollectionTest" time="0">
    <failure message="Cannot invoke &quot;hr.fer.oprpp1.custom.collections.ArrayIndexedCollection.contains(Object)&quot; because &quot;this.testCollection&quot; is null" type="java.lang.NullPointerException">java.lang.NullPointerException: Cannot invoke "hr.fer.oprpp1.custom.collections.ArrayIndexedCollection.contains(Object)" because "this.testCollection" is null
	at hr.fer.oprpp1.custom.collections.ArrayIndexedCollectionTest.testContainsValue(ArrayIndexedCollectionTest.java:88)
</failure>
  </testcase>
  <testcase name="hr.fer.oprpp1.custom.collections.ArrayIndexedCollectionTest.testDoesNotContainValue" classname="hr.fer.oprpp1.custom.collections.ArrayIndexedCollectionTest" time="0">
    <failure message="Cannot invoke &quot;hr.fer.oprpp1.custom.collections.ArrayIndexedCollection.contains(Object)&quot; because &quot;this.testCollection&quot; is null" type="java.lang.NullPointerException">java.lang.NullPointerException: Cannot invoke "hr.fer.oprpp1.custom.collections.ArrayIndexedCollection.contains(Object)" because "this.testCollection" is null
	at hr.fer.oprpp1.custom.collections.ArrayIndexedCollectionTest.testDoesNotContainValue(ArrayIndexedCollectionTest.java:93)
</failure>
  </testcase>
  <testcase name="hr.fer.oprpp1.custom.collections.ArrayIndexedCollectionTest.testRemoveContainedElement" classname="hr.fer.oprpp1.custom.collections.ArrayIndexedCollectionTest" time="0">
    <failure message="Cannot invoke &quot;hr.fer.oprpp1.custom.collections.Collection.forEach(hr.fer.oprpp1.custom.collections.Processor)&quot; because &quot;other&quot; is null" type="java.lang.NullPointerException">java.lang.NullPointerException: Cannot invoke "hr.fer.oprpp1.custom.collections.Collection.forEach(hr.fer.oprpp1.custom.collections.Processor)" because "other" is null
	at hr.fer.oprpp1.custom.collections.Collection.addAll(Collection.java:85)
	at hr.fer.oprpp1.custom.collections.ArrayIndexedCollectionTest.testRemoveContainedElement(ArrayIndexedCollectionTest.java:99)
</failure>
  </testcase>
  <testcase name="hr.fer.oprpp1.custom.collections.ArrayIndexedCollectionTest.testShouldRemoveOneOfMultipleEqualElements" classname="hr.fer.oprpp1.custom.collections.ArrayIndexedCollectionTest" time="0">
    <failure message="Cannot invoke &quot;hr.fer.oprpp1.custom.collections.Collection.forEach(hr.fer.oprpp1.custom.collections.Processor)&quot; because &quot;other&quot; is null" type="java.lang.NullPointerException">java.lang.NullPointerException: Cannot invoke "hr.fer.oprpp1.custom.collections.Collection.forEach(hr.fer.oprpp1.custom.collections.Processor)" because "other" is null
	at hr.fer.oprpp1.custom.collections.Collection.addAll(Collection.java:85)
	at hr.fer.oprpp1.custom.collections.ArrayIndexedCollectionTest.testShouldRemoveOneOfMultipleEqualElements(ArrayIndexedCollectionTest.java:107)
</failure>
  </testcase>
  <testcase name="hr.fer.oprpp1.custom.collections.ArrayIndexedCollectionTest.testRemovingNonExistingElement" classname="hr.fer.oprpp1.custom.collections.ArrayIndexedCollectionTest" time="0">
    <failure message="Cannot invoke &quot;hr.fer.oprpp1.custom.collections.Collection.forEach(hr.fer.oprpp1.custom.collections.Processor)&quot; because &quot;other&quot; is null" type="java.lang.NullPointerException">java.lang.NullPointerException: Cannot invoke "hr.fer.oprpp1.custom.collections.Collection.forEach(hr.fer.oprpp1.custom.collections.Processor)" because "other" is null
	at hr.fer.oprpp1.custom.collections.Collection.addAll(Collection.java:85)
	at hr.fer.oprpp1.custom.collections.ArrayIndexedCollectionTest.testRemovingNonExistingElement(ArrayIndexedCollectionTest.java:119)
</failure>
  </testcase>
  <testcase name="hr.fer.oprpp1.custom.collections.ArrayIndexedCollectionTest.testRemovingFromEmptyArray" classname="hr.fer.oprpp1.custom.collections.ArrayIndexedCollectionTest" time="0">
    <failure message="Cannot invoke &quot;hr.fer.oprpp1.custom.collections.ArrayIndexedCollection.clear()&quot; because &quot;this.testCollection&quot; is null" type="java.lang.NullPointerException">java.lang.NullPointerException: Cannot invoke "hr.fer.oprpp1.custom.collections.ArrayIndexedCollection.clear()" because "this.testCollection" is null
	at hr.fer.oprpp1.custom.collections.ArrayIndexedCollectionTest.testRemovingFromEmptyArray(ArrayIndexedCollectionTest.java:126)
</failure>
  </testcase>
  <testcase name="hr.fer.oprpp1.custom.collections.ArrayIndexedCollectionTest.testIndexLessThanZeroRemoveMethod" classname="hr.fer.oprpp1.custom.collections.ArrayIndexedCollectionTest" time="0">
    <failure message="Unexpected exception type thrown ==&gt; expected: &lt;java.lang.IndexOutOfBoundsException&gt; but was: &lt;java.lang.NullPointerException&gt;" type="org.opentest4j.AssertionFailedError"><![CDATA[org.opentest4j.AssertionFailedError: Unexpected exception type thrown ==> expected: <java.lang.IndexOutOfBoundsException> but was: <java.lang.NullPointerException>
	at org.junit.jupiter.api.AssertThrows.assertThrows(AssertThrows.java:65)
	at org.junit.jupiter.api.AssertThrows.assertThrows(AssertThrows.java:37)
	at org.junit.jupiter.api.Assertions.assertThrows(Assertions.java:3082)
	at hr.fer.oprpp1.custom.collections.ArrayIndexedCollectionTest.testIndexLessThanZeroRemoveMethod(ArrayIndexedCollectionTest.java:134)
Caused by: java.lang.NullPointerException: Cannot invoke "hr.fer.oprpp1.custom.collections.ArrayIndexedCollection.remove(int)" because "this.testCollection" is null
	at hr.fer.oprpp1.custom.collections.ArrayIndexedCollectionTest.lambda$testIndexLessThanZeroRemoveMethod$5(ArrayIndexedCollectionTest.java:134)
	at org.junit.jupiter.api.AssertThrows.assertThrows(AssertThrows.java:55)
	... 15 more
]]></failure>
  </testcase>
  <testcase name="hr.fer.oprpp1.custom.collections.ArrayIndexedCollectionTest.testIndexCrossedUpperBoundRemoveMethod" classname="hr.fer.oprpp1.custom.collections.ArrayIndexedCollectionTest" time="0">
    <failure message="Unexpected exception type thrown ==&gt; expected: &lt;java.lang.IndexOutOfBoundsException&gt; but was: &lt;java.lang.NullPointerException&gt;" type="org.opentest4j.AssertionFailedError"><![CDATA[org.opentest4j.AssertionFailedError: Unexpected exception type thrown ==> expected: <java.lang.IndexOutOfBoundsException> but was: <java.lang.NullPointerException>
	at org.junit.jupiter.api.AssertThrows.assertThrows(AssertThrows.java:65)
	at org.junit.jupiter.api.AssertThrows.assertThrows(AssertThrows.java:37)
	at org.junit.jupiter.api.Assertions.assertThrows(Assertions.java:3082)
	at hr.fer.oprpp1.custom.collections.ArrayIndexedCollectionTest.testIndexCrossedUpperBoundRemoveMethod(ArrayIndexedCollectionTest.java:139)
Caused by: java.lang.NullPointerException: Cannot invoke "hr.fer.oprpp1.custom.collections.ArrayIndexedCollection.remove(int)" because "this.testCollection" is null
	at hr.fer.oprpp1.custom.collections.ArrayIndexedCollectionTest.lambda$testIndexCrossedUpperBoundRemoveMethod$6(ArrayIndexedCollectionTest.java:139)
	at org.junit.jupiter.api.AssertThrows.assertThrows(AssertThrows.java:55)
	... 15 more
]]></failure>
  </testcase>
  <testcase name="hr.fer.oprpp1.custom.collections.ArrayIndexedCollectionTest.testClear" classname="hr.fer.oprpp1.custom.collections.ArrayIndexedCollectionTest" time="0">
    <failure message="Cannot invoke &quot;hr.fer.oprpp1.custom.collections.ArrayIndexedCollection.clear()&quot; because &quot;this.testCollection&quot; is null" type="java.lang.NullPointerException">java.lang.NullPointerException: Cannot invoke "hr.fer.oprpp1.custom.collections.ArrayIndexedCollection.clear()" because "this.testCollection" is null
	at hr.fer.oprpp1.custom.collections.ArrayIndexedCollectionTest.testClear(ArrayIndexedCollectionTest.java:144)
</failure>
  </testcase>
  <testcase name="hr.fer.oprpp1.custom.collections.ArrayIndexedCollectionTest.testGetElement" classname="hr.fer.oprpp1.custom.collections.ArrayIndexedCollectionTest" time="0">
    <failure message="Cannot invoke &quot;hr.fer.oprpp1.custom.collections.ArrayIndexedCollection.toArray()&quot; because &quot;this.testCollection&quot; is null" type="java.lang.NullPointerException">java.lang.NullPointerException: Cannot invoke "hr.fer.oprpp1.custom.collections.ArrayIndexedCollection.toArray()" because "this.testCollection" is null
	at hr.fer.oprpp1.custom.collections.ArrayIndexedCollectionTest.testGetElement(ArrayIndexedCollectionTest.java:150)
</failure>
  </testcase>
  <testcase name="hr.fer.oprpp1.custom.collections.ArrayIndexedCollectionTest.testIndexLessThanZeroGetMethod" classname="hr.fer.oprpp1.custom.collections.ArrayIndexedCollectionTest" time="0">
    <failure message="Unexpected exception type thrown ==&gt; expected: &lt;java.lang.IndexOutOfBoundsException&gt; but was: &lt;java.lang.NullPointerException&gt;" type="org.opentest4j.AssertionFailedError"><![CDATA[org.opentest4j.AssertionFailedError: Unexpected exception type thrown ==> expected: <java.lang.IndexOutOfBoundsException> but was: <java.lang.NullPointerException>
	at org.junit.jupiter.api.AssertThrows.assertThrows(AssertThrows.java:65)
	at org.junit.jupiter.api.AssertThrows.assertThrows(AssertThrows.java:37)
	at org.junit.jupiter.api.Assertions.assertThrows(Assertions.java:3082)
	at hr.fer.oprpp1.custom.collections.ArrayIndexedCollectionTest.testIndexLessThanZeroGetMethod(ArrayIndexedCollectionTest.java:158)
Caused by: java.lang.NullPointerException: Cannot invoke "hr.fer.oprpp1.custom.collections.ArrayIndexedCollection.get(int)" because "this.testCollection" is null
	at hr.fer.oprpp1.custom.collections.ArrayIndexedCollectionTest.lambda$testIndexLessThanZeroGetMethod$7(ArrayIndexedCollectionTest.java:158)
	at org.junit.jupiter.api.AssertThrows.assertThrows(AssertThrows.java:55)
	... 15 more
]]></failure>
  </testcase>
  <testcase name="hr.fer.oprpp1.custom.collections.ArrayIndexedCollectionTest.testIndexCrossedUpperBoundGetMethod" classname="hr.fer.oprpp1.custom.collections.ArrayIndexedCollectionTest" time="0">
    <failure message="Unexpected exception type thrown ==&gt; expected: &lt;java.lang.IndexOutOfBoundsException&gt; but was: &lt;java.lang.NullPointerException&gt;" type="org.opentest4j.AssertionFailedError"><![CDATA[org.opentest4j.AssertionFailedError: Unexpected exception type thrown ==> expected: <java.lang.IndexOutOfBoundsException> but was: <java.lang.NullPointerException>
	at org.junit.jupiter.api.AssertThrows.assertThrows(AssertThrows.java:65)
	at org.junit.jupiter.api.AssertThrows.assertThrows(AssertThrows.java:37)
	at org.junit.jupiter.api.Assertions.assertThrows(Assertions.java:3082)
	at hr.fer.oprpp1.custom.collections.ArrayIndexedCollectionTest.testIndexCrossedUpperBoundGetMethod(ArrayIndexedCollectionTest.java:163)
Caused by: java.lang.NullPointerException: Cannot invoke "hr.fer.oprpp1.custom.collections.ArrayIndexedCollection.get(int)" because "this.testCollection" is null
	at hr.fer.oprpp1.custom.collections.ArrayIndexedCollectionTest.lambda$testIndexCrossedUpperBoundGetMethod$8(ArrayIndexedCollectionTest.java:163)
	at org.junit.jupiter.api.AssertThrows.assertThrows(AssertThrows.java:55)
	... 15 more
]]></failure>
  </testcase>
  <testcase name="hr.fer.oprpp1.custom.collections.ArrayIndexedCollectionTest.testIndexLessThanZeroInsertMethod" classname="hr.fer.oprpp1.custom.collections.ArrayIndexedCollectionTest" time="0">
    <failure message="Unexpected exception type thrown ==&gt; expected: &lt;java.lang.IndexOutOfBoundsException&gt; but was: &lt;java.lang.NullPointerException&gt;" type="org.opentest4j.AssertionFailedError"><![CDATA[org.opentest4j.AssertionFailedError: Unexpected exception type thrown ==> expected: <java.lang.IndexOutOfBoundsException> but was: <java.lang.NullPointerException>
	at org.junit.jupiter.api.AssertThrows.assertThrows(AssertThrows.java:65)
	at org.junit.jupiter.api.AssertThrows.assertThrows(AssertThrows.java:37)
	at org.junit.jupiter.api.Assertions.assertThrows(Assertions.java:3082)
	at hr.fer.oprpp1.custom.collections.ArrayIndexedCollectionTest.testIndexLessThanZeroInsertMethod(ArrayIndexedCollectionTest.java:168)
Caused by: java.lang.NullPointerException: Cannot invoke "hr.fer.oprpp1.custom.collections.ArrayIndexedCollection.insert(Object, int)" because "this.testCollection" is null
	at hr.fer.oprpp1.custom.collections.ArrayIndexedCollectionTest.lambda$testIndexLessThanZeroInsertMethod$9(ArrayIndexedCollectionTest.java:168)
	at org.junit.jupiter.api.AssertThrows.assertThrows(AssertThrows.java:55)
	... 15 more
]]></failure>
  </testcase>
  <testcase name="hr.fer.oprpp1.custom.collections.ArrayIndexedCollectionTest.testIndexCrossedUpperBoundInsertMethod" classname="hr.fer.oprpp1.custom.collections.ArrayIndexedCollectionTest" time="0">
    <failure message="Unexpected exception type thrown ==&gt; expected: &lt;java.lang.IndexOutOfBoundsException&gt; but was: &lt;java.lang.NullPointerException&gt;" type="org.opentest4j.AssertionFailedError"><![CDATA[org.opentest4j.AssertionFailedError: Unexpected exception type thrown ==> expected: <java.lang.IndexOutOfBoundsException> but was: <java.lang.NullPointerException>
	at org.junit.jupiter.api.AssertThrows.assertThrows(AssertThrows.java:65)
	at org.junit.jupiter.api.AssertThrows.assertThrows(AssertThrows.java:37)
	at org.junit.jupiter.api.Assertions.assertThrows(Assertions.java:3082)
	at hr.fer.oprpp1.custom.collections.ArrayIndexedCollectionTest.testIndexCrossedUpperBoundInsertMethod(ArrayIndexedCollectionTest.java:173)
Caused by: java.lang.NullPointerException: Cannot invoke "hr.fer.oprpp1.custom.collections.ArrayIndexedCollection.insert(Object, int)" because "this.testCollection" is null
	at hr.fer.oprpp1.custom.collections.ArrayIndexedCollectionTest.lambda$testIndexCrossedUpperBoundInsertMethod$10(ArrayIndexedCollectionTest.java:173)
	at org.junit.jupiter.api.AssertThrows.assertThrows(AssertThrows.java:55)
	... 15 more
]]></failure>
  </testcase>
  <testcase name="hr.fer.oprpp1.custom.collections.ArrayIndexedCollectionTest.testInsertAtLastIndex" classname="hr.fer.oprpp1.custom.collections.ArrayIndexedCollectionTest" time="0">
    <failure type="java.lang.NullPointerException"><![CDATA[java.lang.NullPointerException
	at java.base/java.util.Objects.requireNonNull(Objects.java:208)
	at hr.fer.oprpp1.custom.collections.ArrayIndexedCollection.<init>(ArrayIndexedCollection.java:111)
	at hr.fer.oprpp1.custom.collections.ArrayIndexedCollectionTest.testInsertAtLastIndex(ArrayIndexedCollectionTest.java:178)
]]></failure>
  </testcase>
  <testcase name="hr.fer.oprpp1.custom.collections.ArrayIndexedCollectionTest.testInsertAtArrayStart" classname="hr.fer.oprpp1.custom.collections.ArrayIndexedCollectionTest" time="0">
    <failure type="java.lang.NullPointerException"><![CDATA[java.lang.NullPointerException
	at java.base/java.util.Objects.requireNonNull(Objects.java:208)
	at hr.fer.oprpp1.custom.collections.ArrayIndexedCollection.<init>(ArrayIndexedCollection.java:111)
	at hr.fer.oprpp1.custom.collections.ArrayIndexedCollectionTest.testInsertAtArrayStart(ArrayIndexedCollectionTest.java:187)
]]></failure>
  </testcase>
  <testcase name="hr.fer.oprpp1.custom.collections.ArrayIndexedCollectionTest.testInsertElementInMiddleOfArray" classname="hr.fer.oprpp1.custom.collections.ArrayIndexedCollectionTest" time="0">
    <failure message="Cannot invoke &quot;hr.fer.oprpp1.custom.collections.ArrayIndexedCollection.add(Object)&quot; because &quot;this.testCollection&quot; is null" type="java.lang.NullPointerException">java.lang.NullPointerException: Cannot invoke "hr.fer.oprpp1.custom.collections.ArrayIndexedCollection.add(Object)" because "this.testCollection" is null
	at hr.fer.oprpp1.custom.collections.ArrayIndexedCollectionTest.testInsertElementInMiddleOfArray(ArrayIndexedCollectionTest.java:200)
</failure>
  </testcase>
  <testcase name="hr.fer.oprpp1.custom.collections.ArrayIndexedCollectionTest.testInsertIntoEmptyArray" classname="hr.fer.oprpp1.custom.collections.ArrayIndexedCollectionTest" time="0"/>
  <testcase name="hr.fer.oprpp1.custom.collections.ArrayIndexedCollectionTest.testIndexOfNonExistingElement" classname="hr.fer.oprpp1.custom.collections.ArrayIndexedCollectionTest" time="0">
    <failure message="Cannot invoke &quot;hr.fer.oprpp1.custom.collections.ArrayIndexedCollection.indexOf(Object)&quot; because &quot;this.testCollection&quot; is null" type="java.lang.NullPointerException">java.lang.NullPointerException: Cannot invoke "hr.fer.oprpp1.custom.collections.ArrayIndexedCollection.indexOf(Object)" because "this.testCollection" is null
	at hr.fer.oprpp1.custom.collections.ArrayIndexedCollectionTest.testIndexOfNonExistingElement(ArrayIndexedCollectionTest.java:221)
</failure>
  </testcase>
  <testcase name="hr.fer.oprpp1.custom.collections.ArrayIndexedCollectionTest.testIndexOfExistingElement" classname="hr.fer.oprpp1.custom.collections.ArrayIndexedCollectionTest" time="0">
    <failure message="Cannot invoke &quot;hr.fer.oprpp1.custom.collections.ArrayIndexedCollection.indexOf(Object)&quot; because &quot;this.testCollection&quot; is null" type="java.lang.NullPointerException">java.lang.NullPointerException: Cannot invoke "hr.fer.oprpp1.custom.collections.ArrayIndexedCollection.indexOf(Object)" because "this.testCollection" is null
	at hr.fer.oprpp1.custom.collections.ArrayIndexedCollectionTest.testIndexOfExistingElement(ArrayIndexedCollectionTest.java:226)
</failure>
  </testcase>
  <testcase name="hr.fer.oprpp1.custom.collections.ArrayIndexedCollectionTest.testIndexOfNull" classname="hr.fer.oprpp1.custom.collections.ArrayIndexedCollectionTest" time="0">
    <failure message="Cannot invoke &quot;hr.fer.oprpp1.custom.collections.ArrayIndexedCollection.indexOf(Object)&quot; because &quot;this.testCollection&quot; is null" type="java.lang.NullPointerException">java.lang.NullPointerException: Cannot invoke "hr.fer.oprpp1.custom.collections.ArrayIndexedCollection.indexOf(Object)" because "this.testCollection" is null
	at hr.fer.oprpp1.custom.collections.ArrayIndexedCollectionTest.testIndexOfNull(ArrayIndexedCollectionTest.java:231)
</failure>
  </testcase>
  <testcase name="hr.fer.oprpp1.custom.collections.ArrayIndexedCollectionTest.testIllegalInitialCapacity" classname="hr.fer.oprpp1.custom.collections.ArrayIndexedCollectionTest" time="0"/>
  <testcase name="hr.fer.oprpp1.custom.collections.ArrayIndexedCollectionTest.testPassedCollectionIsNullInTwoArgumentConstructor" classname="hr.fer.oprpp1.custom.collections.ArrayIndexedCollectionTest" time="0"/>
  <testcase name="hr.fer.oprpp1.custom.collections.ArrayIndexedCollectionTest.testIllegalInitialCapacityInTwoArgumentConstructor" classname="hr.fer.oprpp1.custom.collections.ArrayIndexedCollectionTest" time="0">
    <failure type="java.lang.NullPointerException"><![CDATA[java.lang.NullPointerException
	at java.base/java.util.Objects.requireNonNull(Objects.java:208)
	at hr.fer.oprpp1.custom.collections.ArrayIndexedCollection.<init>(ArrayIndexedCollection.java:111)
	at hr.fer.oprpp1.custom.collections.ArrayIndexedCollectionTest.testIllegalInitialCapacityInTwoArgumentConstructor(ArrayIndexedCollectionTest.java:39)
]]></failure>
  </testcase>
  <testcase name="hr.fer.oprpp1.custom.collections.ArrayIndexedCollectionTest.testAddingElementWhenCollectionIsFull" classname="hr.fer.oprpp1.custom.collections.ArrayIndexedCollectionTest" time="0">
    <failure message="Cannot invoke &quot;hr.fer.oprpp1.custom.collections.Collection.forEach(hr.fer.oprpp1.custom.collections.Processor)&quot; because &quot;other&quot; is null" type="java.lang.NullPointerException">java.lang.NullPointerException: Cannot invoke "hr.fer.oprpp1.custom.collections.Collection.forEach(hr.fer.oprpp1.custom.collections.Processor)" because "other" is null
	at hr.fer.oprpp1.custom.collections.Collection.addAll(Collection.java:85)
	at hr.fer.oprpp1.custom.collections.ArrayIndexedCollectionTest.testAddingElementWhenCollectionIsFull(ArrayIndexedCollectionTest.java:82)
</failure>
  </testcase>
  <testcase name="hr.fer.oprpp1.custom.collections.ArrayIndexedCollectionTest.testInsertIntoFullArray" classname="hr.fer.oprpp1.custom.collections.ArrayIndexedCollectionTest" time="0"/>
</testsuite>